#
# There is insufficient memory for the Java Runtime Environment to continue.
# Native memory allocation (malloc) failed to allocate 258176 bytes for Chunk::new
# Possible reasons:
#   The system is out of physical RAM or swap space
#   The process is running with CompressedOops enabled, and the Java Heap may be blocking the growth of the native heap
# Possible solutions:
#   Reduce memory load on the system
#   Increase physical memory or swap space
#   Check if swap backing store is full
#   Decrease Java heap size (-Xmx/-Xms)
#   Decrease number of Java threads
#   Decrease Java thread stack sizes (-Xss)
#   Set larger code cache with -XX:ReservedCodeCacheSize=
#   JVM is running with Unscaled Compressed Oops mode in which the Java heap is
#     placed in the first 4GB address space. The Java Heap base address is the
#     maximum limit for the native heap growth. Please use -XX:HeapBaseMinAddress
#     to set the Java Heap base and to place the Java Heap above 4GB virtual address.
# This output file may be truncated or incomplete.
#
#  Out of Memory Error (allocation.cpp:389), pid=1060, tid=0x0000000000002f58
#
# JRE version: Java(TM) SE Runtime Environment (8.0_241-b07) (build 1.8.0_241-b07)
# Java VM: Java HotSpot(TM) 64-Bit Server VM (25.241-b07 mixed mode windows-amd64 compressed oops)
# Failed to write core dump. Minidumps are not enabled by default on client versions of Windows
#

---------------  T H R E A D  ---------------

Current thread (0x0000000017387800):  JavaThread "C2 CompilerThread0" daemon [_thread_in_native, id=12120, stack(0x00000000189d0000,0x0000000018ad0000)]

Stack: [0x00000000189d0000,0x0000000018ad0000]
[error occurred during error reporting (printing stack bounds), id 0xc0000005]

Native frames: (J=compiled Java code, j=interpreted, Vv=VM code, C=native code)


Current CompileTask:
C2:   1204  713   !   4       java.util.jar.Attributes::read (380 bytes)


---------------  P R O C E S S  ---------------

Java Threads: ( => current thread )
  0x00000000173de000 JavaThread "Service Thread" daemon [_thread_blocked, id=14548, stack(0x00000000190d0000,0x00000000191d0000)]
  0x000000001739c000 JavaThread "C1 CompilerThread2" daemon [_thread_blocked, id=12712, stack(0x0000000018bd0000,0x0000000018cd0000)]
  0x000000001738a800 JavaThread "C2 CompilerThread1" daemon [_thread_in_native, id=8068, stack(0x0000000018ad0000,0x0000000018bd0000)]
=>0x0000000017387800 JavaThread "C2 CompilerThread0" daemon [_thread_in_native, id=12120, stack(0x00000000189d0000,0x0000000018ad0000)]
  0x0000000017385800 JavaThread "Attach Listener" daemon [_thread_blocked, id=7732, stack(0x00000000188d0000,0x00000000189d0000)]
  0x0000000017385000 JavaThread "Signal Dispatcher" daemon [_thread_blocked, id=14940, stack(0x00000000187d0000,0x00000000188d0000)]
  0x0000000002a1e800 JavaThread "Finalizer" daemon [_thread_blocked, id=956, stack(0x00000000185d0000,0x00000000186d0000)]
  0x0000000002a18800 JavaThread "Reference Handler" daemon [_thread_blocked, id=14372, stack(0x00000000184d0000,0x00000000185d0000)]
  0x0000000002928800 JavaThread "main" [_thread_in_vm, id=14908, stack(0x0000000002730000,0x0000000002830000)]

Other Threads:
  0x0000000017347800 VMThread [stack: 0x00000000183d0000,0x00000000184d0000] [id=12908]
  0x0000000018dcd800 WatcherThread [stack: 0x00000000191d0000,0x00000000192d0000] [id=7040]

VM state:not at safepoint (normal execution)

VM Mutex/Monitor currently owned by a thread: None

heap address: 0x0000000084c00000, size: 1972 MB, Compressed Oops mode: 32-bit
Narrow klass base: 0x0000000000000000, Narrow klass shift: 3
Compressed class space size: 1073741824 Address: 0x0000000100000000

Heap:
 PSYoungGen      total 36864K, used 21735K [0x00000000d6f00000, 0x00000000d9800000, 0x0000000100000000)
  eden space 31744K, 61% used [0x00000000d6f00000,0x00000000d82180b8,0x00000000d8e00000)
  from space 5120K, 42% used [0x00000000d9300000,0x00000000d9521b90,0x00000000d9800000)
  to   space 5120K, 0% used [0x00000000d8e00000,0x00000000d8e00000,0x00000000d9300000)
 ParOldGen       total 84992K, used 16K [0x0000000084c00000, 0x0000000089f00000, 0x00000000d6f00000)
  object space 84992K, 0% used [0x0000000084c00000,0x0000000084c04000,0x0000000089f00000)
 Metaspace       used 7192K, capacity 7412K, committed 7680K, reserved 1056768K
  class space    used 842K, capacity 942K, committed 1024K, reserved 1048576K

Card table byte_map: [0x0000000011de0000,0x00000000121c0000] byte_map_base: 0x00000000119ba000

Marking Bits: (ParMarkBitMap*) 0x0000000060d3be30
 Begin Bits: [0x0000000012860000, 0x0000000014730000)
 End Bits:   [0x0000000014730000, 0x0000000016600000)

Polling page: 0x0000000000d70000

CodeCache: size=245760Kb used=3037Kb max_used=3047Kb free=242722Kb
 bounds [0x0000000002a20000, 0x0000000002d20000, 0x0000000011a20000]
 total_blobs=1034 nmethods=736 adapters=210
 compilation: enabled

Compilation events (10 events):
Event: 1.196 Thread 0x000000001739c000 nmethod 735 0x0000000002d10f50 code [0x0000000002d110e0, 0x0000000002d11388]
Event: 1.196 Thread 0x000000001739c000  736       3       java.util.ArrayDeque::<init> (14 bytes)
Event: 1.197 Thread 0x000000001739c000 nmethod 736 0x0000000002d10a10 code [0x0000000002d10b80, 0x0000000002d10e30]
Event: 1.197 Thread 0x000000001739c000  737       3       java.util.jar.JarFile::<init> (12 bytes)
Event: 1.197 Thread 0x000000001739c000 nmethod 737 0x0000000002d105d0 code [0x0000000002d10740, 0x0000000002d10948]
Event: 1.197 Thread 0x000000001739c000  738       3       java.util.zip.ZipFile::<init> (10 bytes)
Event: 1.197 Thread 0x000000001739c000 nmethod 738 0x0000000002d10250 code [0x0000000002d103c0, 0x0000000002d10548]
Event: 1.197 Thread 0x000000001739c000  739       3       java.util.zip.ZipCoder::get (9 bytes)
Event: 1.197 Thread 0x000000001739c000 nmethod 739 0x0000000002d0fa90 code [0x0000000002d0fc20, 0x0000000002d10088]
Event: 1.202 Thread 0x000000001739c000  740       3       java.util.jar.Manifest::read (328 bytes)

GC Heap History (4 events):
Event: 1.129 GC heap before
{Heap before GC invocations=1 (full 0):
 PSYoungGen      total 36864K, used 31744K [0x00000000d6f00000, 0x00000000d9800000, 0x0000000100000000)
  eden space 31744K, 100% used [0x00000000d6f00000,0x00000000d8e00000,0x00000000d8e00000)
  from space 5120K, 0% used [0x00000000d9300000,0x00000000d9300000,0x00000000d9800000)
  to   space 5120K, 0% used [0x00000000d8e00000,0x00000000d8e00000,0x00000000d9300000)
 ParOldGen       total 84992K, used 0K [0x0000000084c00000, 0x0000000089f00000, 0x00000000d6f00000)
  object space 84992K, 0% used [0x0000000084c00000,0x0000000084c00000,0x0000000089f00000)
 Metaspace       used 7121K, capacity 7308K, committed 7424K, reserved 1056768K
  class space    used 834K, capacity 908K, committed 1024K, reserved 1048576K
Event: 1.135 GC heap after
Heap after GC invocations=1 (full 0):
 PSYoungGen      total 36864K, used 4100K [0x00000000d6f00000, 0x00000000d9800000, 0x0000000100000000)
  eden space 31744K, 0% used [0x00000000d6f00000,0x00000000d6f00000,0x00000000d8e00000)
  from space 5120K, 80% used [0x00000000d8e00000,0x00000000d9201158,0x00000000d9300000)
  to   space 5120K, 0% used [0x00000000d9300000,0x00000000d9300000,0x00000000d9800000)
 ParOldGen       total 84992K, used 8K [0x0000000084c00000, 0x0000000089f00000, 0x00000000d6f00000)
  object space 84992K, 0% used [0x0000000084c00000,0x0000000084c02000,0x0000000089f00000)
 Metaspace       used 7121K, capacity 7308K, committed 7424K, reserved 1056768K
  class space    used 834K, capacity 908K, committed 1024K, reserved 1048576K
}
Event: 1.149 GC heap before
{Heap before GC invocations=2 (full 0):
 PSYoungGen      total 36864K, used 35839K [0x00000000d6f00000, 0x00000000d9800000, 0x0000000100000000)
  eden space 31744K, 99% used [0x00000000d6f00000,0x00000000d8dfed68,0x00000000d8e00000)
  from space 5120K, 80% used [0x00000000d8e00000,0x00000000d9201158,0x00000000d9300000)
  to   space 5120K, 0% used [0x00000000d9300000,0x00000000d9300000,0x00000000d9800000)
 ParOldGen       total 84992K, used 8K [0x0000000084c00000, 0x0000000089f00000, 0x00000000d6f00000)
  object space 84992K, 0% used [0x0000000084c00000,0x0000000084c02000,0x0000000089f00000)
 Metaspace       used 7129K, capacity 7308K, committed 7424K, reserved 1056768K
  class space    used 834K, capacity 908K, committed 1024K, reserved 1048576K
Event: 1.151 GC heap after
Heap after GC invocations=2 (full 0):
 PSYoungGen      total 36864K, used 2182K [0x00000000d6f00000, 0x00000000d9800000, 0x0000000100000000)
  eden space 31744K, 0% used [0x00000000d6f00000,0x00000000d6f00000,0x00000000d8e00000)
  from space 5120K, 42% used [0x00000000d9300000,0x00000000d9521b90,0x00000000d9800000)
  to   space 5120K, 0% used [0x00000000d8e00000,0x00000000d8e00000,0x00000000d9300000)
 ParOldGen       total 84992K, used 16K [0x0000000084c00000, 0x0000000089f00000, 0x00000000d6f00000)
  object space 84992K, 0% used [0x0000000084c00000,0x0000000084c04000,0x0000000089f00000)
 Metaspace       used 7129K, capacity 7308K, committed 7424K, reserved 1056768K
  class space    used 834K, capacity 908K, committed 1024K, reserved 1048576K
}

Deoptimization events (3 events):
Event: 0.439 Thread 0x0000000002928800 Uncommon trap: reason=unstable_if action=reinterpret pc=0x0000000002b249a4 method=java.lang.String.indexOf(II)I @ 49
Event: 0.444 Thread 0x0000000002928800 Uncommon trap: reason=unstable_if action=reinterpret pc=0x0000000002b22b60 method=java.lang.String.hashCode()I @ 14
Event: 1.106 Thread 0x0000000002928800 Uncommon trap: reason=range_check action=make_not_entrant pc=0x0000000002cd7ae0 method=sun.reflect.generics.parser.SignatureParser.current()C @ 34

Classes redefined (0 events):
No events

Internal exceptions (10 events):
Event: 1.104 Thread 0x0000000002928800 Exception <a 'java/lang/ArrayIndexOutOfBoundsException'> (0x00000000d8a3b360) thrown at [C:\ade\jenkins\workspace\8-2-build-windows-amd64-cygwin\jdk8u241\331\hotspot\src\share\vm\runtime\sharedRuntime.cpp, line 605]
Event: 1.104 Thread 0x0000000002928800 Exception <a 'java/lang/ArrayIndexOutOfBoundsException'> (0x00000000d8a3d550) thrown at [C:\ade\jenkins\workspace\8-2-build-windows-amd64-cygwin\jdk8u241\331\hotspot\src\share\vm\runtime\sharedRuntime.cpp, line 605]
Event: 1.104 Thread 0x0000000002928800 Exception <a 'java/lang/ArrayIndexOutOfBoundsException'> (0x00000000d8a3f608) thrown at [C:\ade\jenkins\workspace\8-2-build-windows-amd64-cygwin\jdk8u241\331\hotspot\src\share\vm\runtime\sharedRuntime.cpp, line 605]
Event: 1.104 Thread 0x0000000002928800 Exception <a 'java/lang/ArrayIndexOutOfBoundsException'> (0x00000000d8a411b0) thrown at [C:\ade\jenkins\workspace\8-2-build-windows-amd64-cygwin\jdk8u241\331\hotspot\src\share\vm\runtime\sharedRuntime.cpp, line 605]
Event: 1.105 Thread 0x0000000002928800 Exception <a 'java/lang/ArrayIndexOutOfBoundsException'> (0x00000000d8a49948) thrown at [C:\ade\jenkins\workspace\8-2-build-windows-amd64-cygwin\jdk8u241\331\hotspot\src\share\vm\runtime\sharedRuntime.cpp, line 605]
Event: 1.105 Thread 0x0000000002928800 Exception <a 'java/lang/ArrayIndexOutOfBoundsException'> (0x00000000d8a4c0e8) thrown at [C:\ade\jenkins\workspace\8-2-build-windows-amd64-cygwin\jdk8u241\331\hotspot\src\share\vm\runtime\sharedRuntime.cpp, line 605]
Event: 1.106 Thread 0x0000000002928800 Exception <a 'java/lang/ArrayIndexOutOfBoundsException': 134> (0x00000000d8a6a3b8) thrown at [C:\ade\jenkins\workspace\8-2-build-windows-amd64-cygwin\jdk8u241\331\hotspot\src\share\vm\interpreter\interpreterRuntime.cpp, line 368]
Event: 1.106 Thread 0x0000000002928800 Exception <a 'java/lang/ArrayIndexOutOfBoundsException': 126> (0x00000000d8a6bd50) thrown at [C:\ade\jenkins\workspace\8-2-build-windows-amd64-cygwin\jdk8u241\331\hotspot\src\share\vm\interpreter\interpreterRuntime.cpp, line 368]
Event: 1.107 Thread 0x0000000002928800 Exception <a 'java/lang/ArrayIndexOutOfBoundsException': 179> (0x00000000d8a6dcb8) thrown at [C:\ade\jenkins\workspace\8-2-build-windows-amd64-cygwin\jdk8u241\331\hotspot\src\share\vm\interpreter\interpreterRuntime.cpp, line 368]
Event: 1.107 Thread 0x0000000002928800 Exception <a 'java/lang/ArrayIndexOutOfBoundsException': 134> (0x00000000d8a6f8c8) thrown at [C:\ade\jenkins\workspace\8-2-build-windows-amd64-cygwin\jdk8u241\331\hotspot\src\share\vm\interpreter\interpreterRuntime.cpp, line 368]

Events (10 events):
Event: 1.159 loading class org/springframework/core/log/LogMessage$FormatMessage1
Event: 1.159 loading class org/springframework/core/log/LogMessage$FormatMessage1 done
Event: 1.159 loading class org/springframework/core/log/LogMessage$FormatMessage3
Event: 1.159 loading class org/springframework/core/log/LogMessage$FormatMessage3 done
Event: 1.159 loading class org/springframework/core/log/LogMessage$FormatMessage4
Event: 1.159 loading class org/springframework/core/log/LogMessage$FormatMessage4 done
Event: 1.159 loading class org/springframework/core/log/LogMessage$FormatMessageX
Event: 1.159 loading class org/springframework/core/log/LogMessage$FormatMessageX done
Event: 1.160 loading class org/springframework/core/log/LogMessage$SupplierMessage
Event: 1.160 loading class org/springframework/core/log/LogMessage$SupplierMessage done


Dynamic libraries:
0x00007ff7fb950000 - 0x00007ff7fb987000 	C:\Program Files\Java\jre1.8.0_241\bin\javaw.exe
0x00007ff9a0400000 - 0x00007ff9a05f0000 	C:\Windows\SYSTEM32\ntdll.dll
0x00007ff99eff0000 - 0x00007ff99f0a2000 	C:\Windows\System32\KERNEL32.DLL
0x00007ff99d560000 - 0x00007ff99d803000 	C:\Windows\System32\KERNELBASE.dll
0x00007ff99e4b0000 - 0x00007ff99e553000 	C:\Windows\System32\ADVAPI32.dll
0x00007ff99e670000 - 0x00007ff99e70e000 	C:\Windows\System32\msvcrt.dll
0x00007ff99e780000 - 0x00007ff99e817000 	C:\Windows\System32\sechost.dll
0x00007ff9a00a0000 - 0x00007ff9a01c0000 	C:\Windows\System32\RPCRT4.dll
0x00007ff99fef0000 - 0x00007ff9a0084000 	C:\Windows\System32\USER32.dll
0x00007ff99d4e0000 - 0x00007ff99d501000 	C:\Windows\System32\win32u.dll
0x00007ff99e640000 - 0x00007ff99e666000 	C:\Windows\System32\GDI32.dll
0x00007ff99e160000 - 0x00007ff99e2f4000 	C:\Windows\System32\gdi32full.dll
0x00007ff99e3b0000 - 0x00007ff99e44e000 	C:\Windows\System32\msvcp_win.dll
0x00007ff99dfe0000 - 0x00007ff99e0da000 	C:\Windows\System32\ucrtbase.dll
0x00007ff9859e0000 - 0x00007ff985c65000 	C:\Windows\WinSxS\amd64_microsoft.windows.common-controls_6595b64144ccf1df_6.0.18362.657_none_e6c5b579130e3898\COMCTL32.dll
0x00007ff99f9d0000 - 0x00007ff99fd06000 	C:\Windows\System32\combase.dll
0x00007ff99e0e0000 - 0x00007ff99e160000 	C:\Windows\System32\bcryptPrimitives.dll
0x00007ff99e560000 - 0x00007ff99e58e000 	C:\Windows\System32\IMM32.DLL
0x0000000060350000 - 0x0000000060422000 	C:\Program Files\Java\jre1.8.0_241\bin\msvcr100.dll
0x0000000060510000 - 0x0000000060dbc000 	C:\Program Files\Java\jre1.8.0_241\bin\server\jvm.dll
0x00007ff9a0090000 - 0x00007ff9a0098000 	C:\Windows\System32\PSAPI.DLL
0x00007ff999490000 - 0x00007ff9994b4000 	C:\Windows\SYSTEM32\WINMM.dll
0x00007ff98d400000 - 0x00007ff98d409000 	C:\Windows\SYSTEM32\WSOCK32.dll
0x00007ff99e710000 - 0x00007ff99e77f000 	C:\Windows\System32\WS2_32.dll
0x00007ff98cd80000 - 0x00007ff98cd8a000 	C:\Windows\SYSTEM32\VERSION.dll
0x00007ff999460000 - 0x00007ff99948d000 	C:\Windows\SYSTEM32\WINMMBASE.dll
0x00007ff99df90000 - 0x00007ff99dfda000 	C:\Windows\System32\cfgmgr32.dll
0x00007ff9730f0000 - 0x00007ff9730ff000 	C:\Program Files\Java\jre1.8.0_241\bin\verify.dll
0x00007ff96b180000 - 0x00007ff96b1a9000 	C:\Program Files\Java\jre1.8.0_241\bin\java.dll
0x00007ff96b130000 - 0x00007ff96b146000 	C:\Program Files\Java\jre1.8.0_241\bin\zip.dll
0x00007ff99f0b0000 - 0x00007ff99f795000 	C:\Windows\System32\SHELL32.dll
0x00007ff9a01c0000 - 0x00007ff9a0269000 	C:\Windows\System32\shcore.dll
0x00007ff99d810000 - 0x00007ff99df8f000 	C:\Windows\System32\windows.storage.dll
0x00007ff99d2e0000 - 0x00007ff99d2ff000 	C:\Windows\System32\profapi.dll
0x00007ff99d320000 - 0x00007ff99d36a000 	C:\Windows\System32\powrprof.dll
0x00007ff99d2d0000 - 0x00007ff99d2e0000 	C:\Windows\System32\UMPDC.dll
0x00007ff9a0270000 - 0x00007ff9a02c2000 	C:\Windows\System32\shlwapi.dll
0x00007ff99d370000 - 0x00007ff99d381000 	C:\Windows\System32\kernel.appcore.dll
0x00007ff99d510000 - 0x00007ff99d527000 	C:\Windows\System32\cryptsp.dll

VM Arguments:
jvm_args: -Dfile.encoding=UTF-8 
java_command: com.pixogram.newsfeedservice.NewsfeedserviceApplication
java_class_path (initial): D:\pixogram\newsfeedservice\target\classes;C:\Users\Lenovo\.m2\repository\org\springframework\boot\spring-boot-starter-data-jpa\2.2.4.RELEASE\spring-boot-starter-data-jpa-2.2.4.RELEASE.jar;C:\Users\Lenovo\.m2\repository\org\springframework\boot\spring-boot-starter-aop\2.2.4.RELEASE\spring-boot-starter-aop-2.2.4.RELEASE.jar;C:\Users\Lenovo\.m2\repository\org\springframework\spring-aop\5.2.3.RELEASE\spring-aop-5.2.3.RELEASE.jar;C:\Users\Lenovo\.m2\repository\org\aspectj\aspectjweaver\1.9.5\aspectjweaver-1.9.5.jar;C:\Users\Lenovo\.m2\repository\org\springframework\boot\spring-boot-starter-jdbc\2.2.4.RELEASE\spring-boot-starter-jdbc-2.2.4.RELEASE.jar;C:\Users\Lenovo\.m2\repository\com\zaxxer\HikariCP\3.4.2\HikariCP-3.4.2.jar;C:\Users\Lenovo\.m2\repository\org\springframework\spring-jdbc\5.2.3.RELEASE\spring-jdbc-5.2.3.RELEASE.jar;C:\Users\Lenovo\.m2\repository\jakarta\activation\jakarta.activation-api\1.2.1\jakarta.activation-api-1.2.1.jar;C:\Users\Lenovo\.m2\repository\jakarta\persistence\jakarta.persistence-api\2.2.3\jakarta.persistence-api-2.2.3.jar;C:\Users\Lenovo\.m2\repository\jakarta\transaction\jakarta.transaction-api\1.3.3\jakarta.transaction-api-1.3.3.jar;C:\Users\Lenovo\.m2\repository\org\hibernate\hibernate-core\5.4.10.Final\hibernate-core-5.4.10.Final.jar;C:\Users\Lenovo\.m2\repository\org\jboss\logging\jboss-logging\3.4.1.Final\jboss-logging-3.4.1.Final.jar;C:\Users\Lenovo\.m2\repository\org\javassist\javassist\3.24.0-GA\javassist-3.24.0-GA.jar;C:\Users\Lenovo\.m2\repository\net\bytebuddy\byte-buddy\1.10.6\byte-buddy-1.10.6.jar;C:\Users\Lenovo\.m2\repository\antlr\antlr\2.7.7\antlr-2.7.7.jar;C:\Users\Lenovo\.m2\repository\org\jboss\jandex\2.1.1.Final\jandex-2.1.1.Final.jar;C:\Users\Lenovo\.m2\repository\com\fasterxml\classmate\1.5.1\classmate-1.5.1.jar;C:\Users\Lenovo\.m2\repository\org\dom4j\dom4j\2.1.1\dom4j-2.1.1.jar;C:\Users\Lenovo\.m2\repository\org\hibernate\common\hibernate-commons-annotations\5.1.0.Final\hibernate-commo
Launcher Type: SUN_STANDARD

Environment Variables:
JAVA_HOME=C:\Program Files\Java\jdk1.8.0_241
PATH=C:/Program Files/Java/jre1.8.0_241/bin/server;C:/Program Files/Java/jre1.8.0_241/bin;C:/Program Files/Java/jre1.8.0_241/lib/amd64;C:\Program Files (x86)\Common Files\Oracle\Java\javapath;C:\Windows\system32;C:\Windows;C:\Windows\System32\Wbem;C:\Windows\System32\WindowsPowerShell\v1.0\;C:\Windows\System32\OpenSSH\;C:\Program Files\Java\jre1.8.0_241\bin;C:\Program Files\nodejs\;C:\Program Files\Docker\Docker\resources\bin;C:\ProgramData\DockerDesktop\version-bin;C:\Program Files\Git\cmd;C:\Users\Lenovo\AppData\Local\Microsoft\WindowsApps;C:\Program Files\Java\jre1.8.0_241\bin;C:\Users\Lenovo\AppData\Roaming\npm;C:\Users\Lenovo\AppData\Local\Programs\Microsoft VS Code\bin;C:\Users\Lenovo\Desktop;
USERNAME=Lenovo
OS=Windows_NT
PROCESSOR_IDENTIFIER=Intel64 Family 6 Model 61 Stepping 4, GenuineIntel



---------------  S Y S T E M  ---------------

OS: Windows 10.0 , 64 bit Build 18362 (10.0.18362.329)

CPU:total 4 (initial active 4) (2 cores per cpu, 2 threads per core) family 6 model 61 stepping 4, cmov, cx8, fxsr, mmx, sse, sse2, sse3, ssse3, sse4.1, sse4.2, popcnt, avx, avx2, aes, clmul, erms, rtm, 3dnowpref, lzcnt, ht, tsc, tscinvbit, bmi1, bmi2, adx

Memory: 4k page, physical 8077284k(273896k free), swap 33243108k(552k free)

vm_info: Java HotSpot(TM) 64-Bit Server VM (25.241-b07) for windows-amd64 JRE (1.8.0_241-b07), built on Dec 11 2019 10:21:40 by "rejava" with MS VC++ 10.0 (VS2010)

time: Wed Mar 11 11:18:32 2020
timezone: India Standard Time
elapsed time: 1 seconds (0d 0h 0m 1s)

